0 info it worked if it ends with ok
1 verbose cli [ 'C:\\Program Files\\nodejs\\node.exe',
1 verbose cli   'D:\\npm\\node_modules\\npm\\bin\\npm-cli.js',
1 verbose cli   'start' ]
2 info using npm@3.10.9
3 info using node@v4.4.7
4 verbose run-script [ 'prestart', 'start', 'poststart' ]
5 info lifecycle vanillabknd-sdk@1.0.0~prestart: vanillabknd-sdk@1.0.0
6 silly lifecycle vanillabknd-sdk@1.0.0~prestart: no script for prestart, continuing
7 info lifecycle vanillabknd-sdk@1.0.0~start: vanillabknd-sdk@1.0.0
8 verbose lifecycle vanillabknd-sdk@1.0.0~start: unsafe-perm in lifecycle true
9 verbose lifecycle vanillabknd-sdk@1.0.0~start: PATH: D:\npm\node_modules\npm\bin\node-gyp-bin;D:\Projects\Backand\sdk-Project\vanillabknd-sdk\node_modules\.bin;C:\ProgramData\Oracle\Java\javapath;C:\Windows\system32;C:\Windows;C:\Windows\System32\Wbem;C:\Windows\System32\WindowsPowerShell\v1.0\;C:\Program Files\Intel\WiFi\bin\;C:\Program Files\Common Files\Intel\WirelessCommon\;C:\Program Files (x86)\NVIDIA Corporation\PhysX\Common;C:\Program Files\Git\cmd;C:\Users\Ran\AppData\Local\Android\sdk\tools;C:\Users\Ran\AppData\Local\Android\sdk\platform-tools;C:\Program Files\nodejs\;C:\Program Files\Redis\;%SystemRoot%\system32;%SystemRoot%;%SystemRoot%\System32\Wbem;%SYSTEMROOT%\System32\WindowsPowerShell\v1.0\;C:\Program Files\Intel\WiFi\bin\;C:\Program Files\Common Files\Intel\WirelessCommon\;C:\Users\Ran\AppData\Local\atom\bin;D:\npm;C:\Users\Ran\AppData\Roaming\npm;%USERPROFILE%\AppData\Local\Microsoft\WindowsApps;
10 verbose lifecycle vanillabknd-sdk@1.0.0~start: CWD: D:\Projects\Backand\sdk-Project\vanillabknd-sdk
11 silly lifecycle vanillabknd-sdk@1.0.0~start: Args: [ '/d /s /c',
11 silly lifecycle   'start http://localhost:3000/ && cd ./example && node server.js' ]
12 verbose stack Error: kill ENOSYS
12 verbose stack     at exports._errnoException (util.js:873:11)
12 verbose stack     at process.kill (node.js:777:15)
12 verbose stack     at process.listener (D:\npm\node_modules\npm\node_modules\npmlog\node_modules\gauge\node_modules\signal-exit\index.js:86:15)
12 verbose stack     at emitNone (events.js:72:20)
12 verbose stack     at process.emit (events.js:166:7)
12 verbose stack     at processEmit (D:\npm\node_modules\npm\node_modules\npmlog\node_modules\gauge\node_modules\signal-exit\index.js:146:32)
12 verbose stack     at processEmit (D:\npm\node_modules\npm\node_modules\npm-registry-client\node_modules\npmlog\node_modules\gauge\node_modules\signal-exit\index.js:146:32)
12 verbose stack     at Signal.wrap.onsignal (node.js:804:46)
13 verbose cwd D:\Projects\Backand\sdk-Project\vanillabknd-sdk\example
14 error Windows_NT 10.0.14393
15 error argv "C:\\Program Files\\nodejs\\node.exe" "D:\\npm\\node_modules\\npm\\bin\\npm-cli.js" "start"
16 error node v4.4.7
17 error npm  v3.10.9
18 error code ENOSYS
19 error errno ENOSYS
20 error syscall kill
21 error kill ENOSYS
22 error If you need help, you may report this error at:
22 error     <https://github.com/npm/npm/issues>
23 verbose exit [ 1, true ]
